<?xml version="1.0" encoding="UTF-8"?>
<testng-results skipped="0" failed="0" ignored="0" total="4" passed="4">
  <reporter-output>
  </reporter-output>
  <suite name="Suite" duration-ms="92" started-at="2019-09-04T16:19:03Z" finished-at="2019-09-04T16:19:03Z">
    <groups>
    </groups>
    <test name="Test" duration-ms="92" started-at="2019-09-04T16:19:03Z" finished-at="2019-09-04T16:19:03Z">
      <class name="conm.mavenDemo.TestMaven2">
        <test-method status="PASS" signature="test1()[pri:0, instance:conm.mavenDemo.TestMaven2@6767c1fc]" name="test1" duration-ms="2" started-at="2019-09-04T16:19:03Z" finished-at="2019-09-04T16:19:03Z">
          <reporter-output>
          </reporter-output>
        </test-method> <!-- test1 -->
        <test-method status="PASS" signature="test2()[pri:0, instance:conm.mavenDemo.TestMaven2@6767c1fc]" name="test2" duration-ms="3" started-at="2019-09-04T16:19:03Z" finished-at="2019-09-04T16:19:03Z">
          <reporter-output>
          </reporter-output>
        </test-method> <!-- test2 -->
      </class> <!-- conm.mavenDemo.TestMaven2 -->
      <class name="conm.mavenDemo.TestMaven">
        <test-method status="PASS" signature="test1()[pri:0, instance:conm.mavenDemo.TestMaven@4678c730]" name="test1" duration-ms="16" started-at="2019-09-04T16:19:03Z" finished-at="2019-09-04T16:19:03Z">
          <reporter-output>
          </reporter-output>
        </test-method> <!-- test1 -->
        <test-method status="PASS" signature="test2()[pri:0, instance:conm.mavenDemo.TestMaven@4678c730]" name="test2" duration-ms="4" started-at="2019-09-04T16:19:03Z" finished-at="2019-09-04T16:19:03Z">
          <reporter-output>
          </reporter-output>
        </test-method> <!-- test2 -->
      </class> <!-- conm.mavenDemo.TestMaven -->
    </test> <!-- Test -->
  </suite> <!-- Suite -->
</testng-results>
