<?xml version="1.0" encoding="UTF-8"?>
<!-- Generated by org.testng.reporters.JUnitXMLReporter -->
<testsuite hostname="HOME" ignored="0" name="Test" tests="4" failures="0" timestamp="04 Sep 2019 16:19:03 GMT" time="0.092" errors="0">
  <testcase name="test1" time="0.016" classname="conm.mavenDemo.TestMaven"/>
  <testcase name="test2" time="0.004" classname="conm.mavenDemo.TestMaven"/>
  <testcase name="test1" time="0.002" classname="conm.mavenDemo.TestMaven2"/>
  <testcase name="test2" time="0.003" classname="conm.mavenDemo.TestMaven2"/>
</testsuite> <!-- Test -->
